[0.685s] DEBUG:colcon:Command line arguments: ['/usr/bin/colcon', 'build']
[0.686s] DEBUG:colcon:Parsed command line arguments: Namespace(log_base=None, log_level=None, verb_name='build', build_base='build', install_base='install', merge_install=False, symlink_install=False, test_result_base=None, continue_on_error=False, executor='parallel', parallel_workers=4, event_handlers=None, ignore_user_meta=False, metas=['./colcon.meta'], base_paths=['.'], packages_ignore=None, packages_ignore_regex=None, paths=None, packages_up_to=None, packages_up_to_regex=None, packages_above=None, packages_above_and_dependencies=None, packages_above_depth=None, packages_select_by_dep=None, packages_skip_by_dep=None, packages_skip_up_to=None, packages_select_build_failed=False, packages_skip_build_finished=False, packages_select_test_failures=False, packages_skip_test_passed=False, packages_select=None, packages_skip=None, packages_select_regex=None, packages_skip_regex=None, packages_start=None, packages_end=None, allow_overriding=[], cmake_args=None, cmake_target=None, cmake_target_skip_unavailable=False, cmake_clean_cache=False, cmake_clean_first=False, cmake_force_configure=False, ament_cmake_args=None, catkin_cmake_args=None, catkin_skip_building_tests=False, mixin_files=None, mixin=None, verb_parser=<colcon_mixin.mixin.mixin_argument.MixinArgumentDecorator object at 0x70757de9f710>, verb_extension=<colcon_core.verb.build.BuildVerb object at 0x70757de9ecc0>, main=<bound method BuildVerb.main of <colcon_core.verb.build.BuildVerb object at 0x70757de9ecc0>>, mixin_verb=('build',))
[0.742s] Level 1:colcon.colcon_core.package_discovery:discover_packages(colcon_meta) check parameters
[0.743s] Level 1:colcon.colcon_core.package_discovery:discover_packages(recursive) check parameters
[0.744s] Level 1:colcon.colcon_core.package_discovery:discover_packages(ignore) check parameters
[0.745s] Level 1:colcon.colcon_core.package_discovery:discover_packages(path) check parameters
[0.745s] Level 1:colcon.colcon_core.package_discovery:discover_packages(colcon_meta) discover
[0.746s] Level 1:colcon.colcon_core.package_discovery:discover_packages(recursive) discover
[0.746s] INFO:colcon.colcon_core.package_discovery:Crawling recursively for packages in '/mnt/c/Users/alvin/OneDrive/Documents/Uoft Folders/UofT 1st Year/Rubix cube'
[0.748s] Level 1:colcon.colcon_core.package_identification:_identify(.) by extensions ['ignore', 'ignore_ament_install']
[0.749s] Level 1:colcon.colcon_core.package_identification:_identify(.) by extension 'ignore'
[0.750s] Level 1:colcon.colcon_core.package_identification:_identify(.) by extension 'ignore_ament_install'
[0.751s] Level 1:colcon.colcon_core.package_identification:_identify(.) by extensions ['colcon_pkg']
[0.751s] Level 1:colcon.colcon_core.package_identification:_identify(.) by extension 'colcon_pkg'
[0.752s] Level 1:colcon.colcon_core.package_identification:_identify(.) by extensions ['colcon_meta']
[0.752s] Level 1:colcon.colcon_core.package_identification:_identify(.) by extension 'colcon_meta'
[0.752s] Level 1:colcon.colcon_core.package_identification:_identify(.) by extensions ['ros']
[0.753s] Level 1:colcon.colcon_core.package_identification:_identify(.) by extension 'ros'
[0.774s] Level 1:colcon.colcon_core.package_identification:_identify(.) by extensions ['cmake', 'python']
[0.774s] Level 1:colcon.colcon_core.package_identification:_identify(.) by extension 'cmake'
[0.775s] Level 1:colcon.colcon_core.package_identification:_identify(.) by extension 'python'
[0.776s] Level 1:colcon.colcon_core.package_identification:_identify(.) by extensions ['python_setup_py']
[0.776s] Level 1:colcon.colcon_core.package_identification:_identify(.) by extension 'python_setup_py'
[0.781s] Level 1:colcon.colcon_core.package_identification:_identify(build) by extensions ['ignore', 'ignore_ament_install']
[0.781s] Level 1:colcon.colcon_core.package_identification:_identify(build) by extension 'ignore'
[0.785s] Level 1:colcon.colcon_core.package_identification:_identify(build) ignored
[0.789s] Level 1:colcon.colcon_core.package_identification:_identify(install) by extensions ['ignore', 'ignore_ament_install']
[0.789s] Level 1:colcon.colcon_core.package_identification:_identify(install) by extension 'ignore'
[0.793s] Level 1:colcon.colcon_core.package_identification:_identify(install) ignored
[0.803s] Level 1:colcon.colcon_core.package_identification:_identify(log) by extensions ['ignore', 'ignore_ament_install']
[0.804s] Level 1:colcon.colcon_core.package_identification:_identify(log) by extension 'ignore'
[0.806s] Level 1:colcon.colcon_core.package_identification:_identify(log) ignored
[0.810s] Level 1:colcon.colcon_core.package_identification:_identify(src) by extensions ['ignore', 'ignore_ament_install']
[0.811s] Level 1:colcon.colcon_core.package_identification:_identify(src) by extension 'ignore'
[0.813s] Level 1:colcon.colcon_core.package_identification:_identify(src) by extension 'ignore_ament_install'
[0.817s] Level 1:colcon.colcon_core.package_identification:_identify(src) by extensions ['colcon_pkg']
[0.818s] Level 1:colcon.colcon_core.package_identification:_identify(src) by extension 'colcon_pkg'
[0.821s] Level 1:colcon.colcon_core.package_identification:_identify(src) by extensions ['colcon_meta']
[0.821s] Level 1:colcon.colcon_core.package_identification:_identify(src) by extension 'colcon_meta'
[0.824s] Level 1:colcon.colcon_core.package_identification:_identify(src) by extensions ['ros']
[0.824s] Level 1:colcon.colcon_core.package_identification:_identify(src) by extension 'ros'
[0.832s] Level 1:colcon.colcon_core.package_identification:_identify(src) by extensions ['cmake', 'python']
[0.832s] Level 1:colcon.colcon_core.package_identification:_identify(src) by extension 'cmake'
[0.834s] Level 1:colcon.colcon_core.package_identification:_identify(src) by extension 'python'
[0.837s] Level 1:colcon.colcon_core.package_identification:_identify(src) by extensions ['python_setup_py']
[0.838s] Level 1:colcon.colcon_core.package_identification:_identify(src) by extension 'python_setup_py'
[0.847s] Level 1:colcon.colcon_core.package_identification:_identify(src/rubix_cube) by extensions ['ignore', 'ignore_ament_install']
[0.847s] Level 1:colcon.colcon_core.package_identification:_identify(src/rubix_cube) by extension 'ignore'
[0.851s] Level 1:colcon.colcon_core.package_identification:_identify(src/rubix_cube) by extension 'ignore_ament_install'
[0.857s] Level 1:colcon.colcon_core.package_identification:_identify(src/rubix_cube) by extensions ['colcon_pkg']
[0.858s] Level 1:colcon.colcon_core.package_identification:_identify(src/rubix_cube) by extension 'colcon_pkg'
[0.860s] Level 1:colcon.colcon_core.package_identification:_identify(src/rubix_cube) by extensions ['colcon_meta']
[0.861s] Level 1:colcon.colcon_core.package_identification:_identify(src/rubix_cube) by extension 'colcon_meta'
[0.864s] Level 1:colcon.colcon_core.package_identification:_identify(src/rubix_cube) by extensions ['ros']
[0.865s] Level 1:colcon.colcon_core.package_identification:_identify(src/rubix_cube) by extension 'ros'
[0.893s] DEBUG:colcon.colcon_core.package_identification:Package 'src/rubix_cube' with type 'ros.ament_cmake' and name 'rubix_cube'
[0.893s] Level 1:colcon.colcon_core.package_discovery:discover_packages(recursive) using defaults
[0.893s] Level 1:colcon.colcon_core.package_discovery:discover_packages(ignore) discover
[0.894s] Level 1:colcon.colcon_core.package_discovery:discover_packages(ignore) using defaults
[0.894s] Level 1:colcon.colcon_core.package_discovery:discover_packages(path) discover
[0.894s] Level 1:colcon.colcon_core.package_discovery:discover_packages(path) using defaults
[0.922s] Level 1:colcon.colcon_core.package_discovery:discover_packages(prefix_path) check parameters
[0.923s] Level 1:colcon.colcon_core.package_discovery:discover_packages(prefix_path) discover
[0.924s] DEBUG:colcon.colcon_installed_package_information.package_discovery:Found 140 installed packages in /opt/ros/kilted
[0.926s] DEBUG:colcon.colcon_installed_package_information.package_discovery:Found 494 installed packages in /opt/ros/jazzy
[0.930s] Level 1:colcon.colcon_core.package_discovery:discover_packages(prefix_path) using defaults
[0.994s] Level 5:colcon.colcon_core.verb:set package 'rubix_cube' build argument 'cmake_args' from command line to 'None'
[0.995s] Level 5:colcon.colcon_core.verb:set package 'rubix_cube' build argument 'cmake_target' from command line to 'None'
[0.996s] Level 5:colcon.colcon_core.verb:set package 'rubix_cube' build argument 'cmake_target_skip_unavailable' from command line to 'False'
[0.997s] Level 5:colcon.colcon_core.verb:set package 'rubix_cube' build argument 'cmake_clean_cache' from command line to 'False'
[0.998s] Level 5:colcon.colcon_core.verb:set package 'rubix_cube' build argument 'cmake_clean_first' from command line to 'False'
[0.999s] Level 5:colcon.colcon_core.verb:set package 'rubix_cube' build argument 'cmake_force_configure' from command line to 'False'
[1.000s] Level 5:colcon.colcon_core.verb:set package 'rubix_cube' build argument 'ament_cmake_args' from command line to 'None'
[1.001s] Level 5:colcon.colcon_core.verb:set package 'rubix_cube' build argument 'catkin_cmake_args' from command line to 'None'
[1.001s] Level 5:colcon.colcon_core.verb:set package 'rubix_cube' build argument 'catkin_skip_building_tests' from command line to 'False'
[1.002s] DEBUG:colcon.colcon_core.verb:Building package 'rubix_cube' with the following arguments: {'ament_cmake_args': None, 'build_base': '/mnt/c/Users/alvin/OneDrive/Documents/Uoft Folders/UofT 1st Year/Rubix cube/build/rubix_cube', 'catkin_cmake_args': None, 'catkin_skip_building_tests': False, 'cmake_args': None, 'cmake_clean_cache': False, 'cmake_clean_first': False, 'cmake_force_configure': False, 'cmake_target': None, 'cmake_target_skip_unavailable': False, 'install_base': '/mnt/c/Users/alvin/OneDrive/Documents/Uoft Folders/UofT 1st Year/Rubix cube/install/rubix_cube', 'merge_install': False, 'path': '/mnt/c/Users/alvin/OneDrive/Documents/Uoft Folders/UofT 1st Year/Rubix cube/src/rubix_cube', 'symlink_install': False, 'test_result_base': None}
[1.003s] INFO:colcon.colcon_core.executor:Executing jobs using 'parallel' executor
[1.005s] DEBUG:colcon.colcon_parallel_executor.executor.parallel:run_until_complete
[1.005s] INFO:colcon.colcon_ros.task.ament_cmake.build:Building ROS package in '/mnt/c/Users/alvin/OneDrive/Documents/Uoft Folders/UofT 1st Year/Rubix cube/src/rubix_cube' with build type 'ament_cmake'
[1.006s] INFO:colcon.colcon_cmake.task.cmake.build:Building CMake package in '/mnt/c/Users/alvin/OneDrive/Documents/Uoft Folders/UofT 1st Year/Rubix cube/src/rubix_cube'
[1.009s] INFO:colcon.colcon_core.plugin_system:Skipping extension 'colcon_core.shell.bat': Not used on non-Windows systems
[1.009s] INFO:colcon.colcon_core.shell:Skip shell extension 'powershell' for command environment: Not usable outside of PowerShell
[1.010s] DEBUG:colcon.colcon_core.shell:Skip shell extension 'dsv' for command environment
[1.167s] DEBUG:colcon.colcon_core.event_handler.log_command:Invoking command in '/mnt/c/Users/alvin/OneDrive/Documents/Uoft Folders/UofT 1st Year/Rubix cube/build/rubix_cube': CMAKE_PREFIX_PATH=${CMAKE_PREFIX_PATH}:/opt/ros/kilted:/opt/ros/jazzy CONDA_PROMPT_MODIFIER=(rubix) /usr/bin/cmake --build /mnt/c/Users/alvin/OneDrive/Documents/Uoft Folders/UofT 1st Year/Rubix cube/build/rubix_cube -- -j4 -l4
[3.869s] DEBUG:colcon.colcon_core.event_handler.log_command:Invoked command in '/mnt/c/Users/alvin/OneDrive/Documents/Uoft Folders/UofT 1st Year/Rubix cube/build/rubix_cube' returned '0': CMAKE_PREFIX_PATH=${CMAKE_PREFIX_PATH}:/opt/ros/kilted:/opt/ros/jazzy CONDA_PROMPT_MODIFIER=(rubix) /usr/bin/cmake --build /mnt/c/Users/alvin/OneDrive/Documents/Uoft Folders/UofT 1st Year/Rubix cube/build/rubix_cube -- -j4 -l4
[3.924s] DEBUG:colcon.colcon_core.event_handler.log_command:Invoking command in '/mnt/c/Users/alvin/OneDrive/Documents/Uoft Folders/UofT 1st Year/Rubix cube/build/rubix_cube': CMAKE_PREFIX_PATH=${CMAKE_PREFIX_PATH}:/opt/ros/kilted:/opt/ros/jazzy CONDA_PROMPT_MODIFIER=(rubix) /usr/bin/cmake --install /mnt/c/Users/alvin/OneDrive/Documents/Uoft Folders/UofT 1st Year/Rubix cube/build/rubix_cube
[7.570s] Level 1:colcon.colcon_core.environment:create_environment_scripts_only(rubix_cube)
[7.574s] DEBUG:colcon.colcon_core.event_handler.log_command:Invoked command in '/mnt/c/Users/alvin/OneDrive/Documents/Uoft Folders/UofT 1st Year/Rubix cube/build/rubix_cube' returned '0': CMAKE_PREFIX_PATH=${CMAKE_PREFIX_PATH}:/opt/ros/kilted:/opt/ros/jazzy CONDA_PROMPT_MODIFIER=(rubix) /usr/bin/cmake --install /mnt/c/Users/alvin/OneDrive/Documents/Uoft Folders/UofT 1st Year/Rubix cube/build/rubix_cube
[7.577s] Level 1:colcon.colcon_core.environment:checking '/mnt/c/Users/alvin/OneDrive/Documents/Uoft Folders/UofT 1st Year/Rubix cube/install/rubix_cube' for CMake module files
[7.798s] Level 1:colcon.colcon_core.environment:checking '/mnt/c/Users/alvin/OneDrive/Documents/Uoft Folders/UofT 1st Year/Rubix cube/install/rubix_cube' for CMake config files
[7.974s] Level 1:colcon.colcon_core.shell:create_environment_hook('rubix_cube', 'cmake_prefix_path')
[7.974s] INFO:colcon.colcon_core.shell:Creating environment hook '/mnt/c/Users/alvin/OneDrive/Documents/Uoft Folders/UofT 1st Year/Rubix cube/install/rubix_cube/share/rubix_cube/hook/cmake_prefix_path.ps1'
[8.012s] INFO:colcon.colcon_core.shell:Creating environment descriptor '/mnt/c/Users/alvin/OneDrive/Documents/Uoft Folders/UofT 1st Year/Rubix cube/install/rubix_cube/share/rubix_cube/hook/cmake_prefix_path.dsv'
[8.050s] INFO:colcon.colcon_core.shell:Creating environment hook '/mnt/c/Users/alvin/OneDrive/Documents/Uoft Folders/UofT 1st Year/Rubix cube/install/rubix_cube/share/rubix_cube/hook/cmake_prefix_path.sh'
[8.112s] Level 1:colcon.colcon_core.environment:checking '/mnt/c/Users/alvin/OneDrive/Documents/Uoft Folders/UofT 1st Year/Rubix cube/install/rubix_cube/bin'
[8.117s] Level 1:colcon.colcon_core.environment:checking '/mnt/c/Users/alvin/OneDrive/Documents/Uoft Folders/UofT 1st Year/Rubix cube/install/rubix_cube/lib/pkgconfig/rubix_cube.pc'
[8.121s] Level 1:colcon.colcon_core.environment:checking '/mnt/c/Users/alvin/OneDrive/Documents/Uoft Folders/UofT 1st Year/Rubix cube/install/rubix_cube/lib/python3.12/site-packages'
[8.125s] Level 1:colcon.colcon_core.environment:checking '/mnt/c/Users/alvin/OneDrive/Documents/Uoft Folders/UofT 1st Year/Rubix cube/install/rubix_cube/bin'
[8.128s] INFO:colcon.colcon_core.shell:Creating package script '/mnt/c/Users/alvin/OneDrive/Documents/Uoft Folders/UofT 1st Year/Rubix cube/install/rubix_cube/share/rubix_cube/package.ps1'
[8.154s] INFO:colcon.colcon_core.shell:Creating package descriptor '/mnt/c/Users/alvin/OneDrive/Documents/Uoft Folders/UofT 1st Year/Rubix cube/install/rubix_cube/share/rubix_cube/package.dsv'
[8.183s] INFO:colcon.colcon_core.shell:Creating package script '/mnt/c/Users/alvin/OneDrive/Documents/Uoft Folders/UofT 1st Year/Rubix cube/install/rubix_cube/share/rubix_cube/package.sh'
[8.210s] INFO:colcon.colcon_core.shell:Creating package script '/mnt/c/Users/alvin/OneDrive/Documents/Uoft Folders/UofT 1st Year/Rubix cube/install/rubix_cube/share/rubix_cube/package.bash'
[8.236s] INFO:colcon.colcon_core.shell:Creating package script '/mnt/c/Users/alvin/OneDrive/Documents/Uoft Folders/UofT 1st Year/Rubix cube/install/rubix_cube/share/rubix_cube/package.zsh'
[8.260s] Level 1:colcon.colcon_core.environment:create_file_with_runtime_dependencies(/mnt/c/Users/alvin/OneDrive/Documents/Uoft Folders/UofT 1st Year/Rubix cube/install/rubix_cube/share/colcon-core/packages/rubix_cube)
[8.325s] Level 1:colcon.colcon_core.environment:create_environment_scripts_only(rubix_cube)
[8.326s] Level 1:colcon.colcon_core.environment:checking '/mnt/c/Users/alvin/OneDrive/Documents/Uoft Folders/UofT 1st Year/Rubix cube/install/rubix_cube' for CMake module files
[8.548s] Level 1:colcon.colcon_core.environment:checking '/mnt/c/Users/alvin/OneDrive/Documents/Uoft Folders/UofT 1st Year/Rubix cube/install/rubix_cube' for CMake config files
[8.738s] Level 1:colcon.colcon_core.shell:create_environment_hook('rubix_cube', 'cmake_prefix_path')
[8.739s] INFO:colcon.colcon_core.shell:Creating environment hook '/mnt/c/Users/alvin/OneDrive/Documents/Uoft Folders/UofT 1st Year/Rubix cube/install/rubix_cube/share/rubix_cube/hook/cmake_prefix_path.ps1'
[8.776s] INFO:colcon.colcon_core.shell:Creating environment descriptor '/mnt/c/Users/alvin/OneDrive/Documents/Uoft Folders/UofT 1st Year/Rubix cube/install/rubix_cube/share/rubix_cube/hook/cmake_prefix_path.dsv'
[8.811s] INFO:colcon.colcon_core.shell:Creating environment hook '/mnt/c/Users/alvin/OneDrive/Documents/Uoft Folders/UofT 1st Year/Rubix cube/install/rubix_cube/share/rubix_cube/hook/cmake_prefix_path.sh'
[8.862s] Level 1:colcon.colcon_core.environment:checking '/mnt/c/Users/alvin/OneDrive/Documents/Uoft Folders/UofT 1st Year/Rubix cube/install/rubix_cube/bin'
[8.866s] Level 1:colcon.colcon_core.environment:checking '/mnt/c/Users/alvin/OneDrive/Documents/Uoft Folders/UofT 1st Year/Rubix cube/install/rubix_cube/lib/pkgconfig/rubix_cube.pc'
[8.870s] Level 1:colcon.colcon_core.environment:checking '/mnt/c/Users/alvin/OneDrive/Documents/Uoft Folders/UofT 1st Year/Rubix cube/install/rubix_cube/lib/python3.12/site-packages'
[8.874s] Level 1:colcon.colcon_core.environment:checking '/mnt/c/Users/alvin/OneDrive/Documents/Uoft Folders/UofT 1st Year/Rubix cube/install/rubix_cube/bin'
[8.877s] INFO:colcon.colcon_core.shell:Creating package script '/mnt/c/Users/alvin/OneDrive/Documents/Uoft Folders/UofT 1st Year/Rubix cube/install/rubix_cube/share/rubix_cube/package.ps1'
[8.913s] INFO:colcon.colcon_core.shell:Creating package descriptor '/mnt/c/Users/alvin/OneDrive/Documents/Uoft Folders/UofT 1st Year/Rubix cube/install/rubix_cube/share/rubix_cube/package.dsv'
[8.944s] INFO:colcon.colcon_core.shell:Creating package script '/mnt/c/Users/alvin/OneDrive/Documents/Uoft Folders/UofT 1st Year/Rubix cube/install/rubix_cube/share/rubix_cube/package.sh'
[8.979s] INFO:colcon.colcon_core.shell:Creating package script '/mnt/c/Users/alvin/OneDrive/Documents/Uoft Folders/UofT 1st Year/Rubix cube/install/rubix_cube/share/rubix_cube/package.bash'
[9.014s] INFO:colcon.colcon_core.shell:Creating package script '/mnt/c/Users/alvin/OneDrive/Documents/Uoft Folders/UofT 1st Year/Rubix cube/install/rubix_cube/share/rubix_cube/package.zsh'
[9.059s] Level 1:colcon.colcon_core.environment:create_file_with_runtime_dependencies(/mnt/c/Users/alvin/OneDrive/Documents/Uoft Folders/UofT 1st Year/Rubix cube/install/rubix_cube/share/colcon-core/packages/rubix_cube)
[9.086s] DEBUG:colcon.colcon_parallel_executor.executor.parallel:closing loop
[9.088s] DEBUG:colcon.colcon_parallel_executor.executor.parallel:loop closed
[9.089s] DEBUG:colcon.colcon_parallel_executor.executor.parallel:run_until_complete finished with '0'
[9.089s] DEBUG:colcon.colcon_core.event_reactor:joining thread
[9.220s] INFO:colcon.colcon_core.plugin_system:Skipping extension 'colcon_notification.desktop_notification.notify_send': Could not find 'notify-send'
[9.221s] INFO:colcon.colcon_core.plugin_system:Skipping extension 'colcon_notification.desktop_notification.terminal_notifier': Not used on non-Darwin systems
[9.222s] INFO:colcon.colcon_core.plugin_system:Skipping extension 'colcon_notification.desktop_notification.win32': Not used on non-Windows systems
[9.222s] INFO:colcon.colcon_notification.desktop_notification:Sending desktop notification using 'notify2'
[9.225s] DEBUG:colcon.colcon_notification.desktop_notification.notify2:Failed to initialize notify2: org.freedesktop.DBus.Error.ServiceUnknown: The name org.freedesktop.Notifications was not provided by any .service files
[9.225s] DEBUG:colcon.colcon_core.event_reactor:joined thread
[9.226s] INFO:colcon.colcon_core.shell:Creating prefix script '/mnt/c/Users/alvin/OneDrive/Documents/Uoft Folders/UofT 1st Year/Rubix cube/install/local_setup.ps1'
[9.238s] INFO:colcon.colcon_core.shell:Creating prefix util module '/mnt/c/Users/alvin/OneDrive/Documents/Uoft Folders/UofT 1st Year/Rubix cube/install/_local_setup_util_ps1.py'
[9.251s] INFO:colcon.colcon_core.shell:Creating prefix chain script '/mnt/c/Users/alvin/OneDrive/Documents/Uoft Folders/UofT 1st Year/Rubix cube/install/setup.ps1'
[9.264s] INFO:colcon.colcon_core.shell:Creating prefix script '/mnt/c/Users/alvin/OneDrive/Documents/Uoft Folders/UofT 1st Year/Rubix cube/install/local_setup.sh'
[9.278s] INFO:colcon.colcon_core.shell:Creating prefix util module '/mnt/c/Users/alvin/OneDrive/Documents/Uoft Folders/UofT 1st Year/Rubix cube/install/_local_setup_util_sh.py'
[9.297s] INFO:colcon.colcon_core.shell:Creating prefix chain script '/mnt/c/Users/alvin/OneDrive/Documents/Uoft Folders/UofT 1st Year/Rubix cube/install/setup.sh'
[9.318s] INFO:colcon.colcon_core.shell:Creating prefix script '/mnt/c/Users/alvin/OneDrive/Documents/Uoft Folders/UofT 1st Year/Rubix cube/install/local_setup.bash'
[9.343s] INFO:colcon.colcon_core.shell:Creating prefix chain script '/mnt/c/Users/alvin/OneDrive/Documents/Uoft Folders/UofT 1st Year/Rubix cube/install/setup.bash'
[9.357s] INFO:colcon.colcon_core.shell:Creating prefix script '/mnt/c/Users/alvin/OneDrive/Documents/Uoft Folders/UofT 1st Year/Rubix cube/install/local_setup.zsh'
[9.372s] INFO:colcon.colcon_core.shell:Creating prefix chain script '/mnt/c/Users/alvin/OneDrive/Documents/Uoft Folders/UofT 1st Year/Rubix cube/install/setup.zsh'
