[0.882s] DEBUG:colcon:Command line arguments: ['/usr/bin/colcon', 'build']
[0.883s] DEBUG:colcon:Parsed command line arguments: Namespace(log_base=None, log_level=None, verb_name='build', build_base='build', install_base='install', merge_install=False, symlink_install=False, test_result_base=None, continue_on_error=False, executor='parallel', parallel_workers=4, event_handlers=None, ignore_user_meta=False, metas=['./colcon.meta'], base_paths=['.'], packages_ignore=None, packages_ignore_regex=None, paths=None, packages_up_to=None, packages_up_to_regex=None, packages_above=None, packages_above_and_dependencies=None, packages_above_depth=None, packages_select_by_dep=None, packages_skip_by_dep=None, packages_skip_up_to=None, packages_select_build_failed=False, packages_skip_build_finished=False, packages_select_test_failures=False, packages_skip_test_passed=False, packages_select=None, packages_skip=None, packages_select_regex=None, packages_skip_regex=None, packages_start=None, packages_end=None, allow_overriding=[], cmake_args=None, cmake_target=None, cmake_target_skip_unavailable=False, cmake_clean_cache=False, cmake_clean_first=False, cmake_force_configure=False, ament_cmake_args=None, catkin_cmake_args=None, catkin_skip_building_tests=False, mixin_files=None, mixin=None, verb_parser=<colcon_mixin.mixin.mixin_argument.MixinArgumentDecorator object at 0x7d464d830320>, verb_extension=<colcon_core.verb.build.BuildVerb object at 0x7d464d9aff80>, main=<bound method BuildVerb.main of <colcon_core.verb.build.BuildVerb object at 0x7d464d9aff80>>, mixin_verb=('build',))
[0.954s] Level 1:colcon.colcon_core.package_discovery:discover_packages(colcon_meta) check parameters
[0.956s] Level 1:colcon.colcon_core.package_discovery:discover_packages(recursive) check parameters
[0.957s] Level 1:colcon.colcon_core.package_discovery:discover_packages(ignore) check parameters
[0.958s] Level 1:colcon.colcon_core.package_discovery:discover_packages(path) check parameters
[0.959s] Level 1:colcon.colcon_core.package_discovery:discover_packages(colcon_meta) discover
[0.959s] Level 1:colcon.colcon_core.package_discovery:discover_packages(recursive) discover
[0.959s] INFO:colcon.colcon_core.package_discovery:Crawling recursively for packages in '/mnt/c/Users/alvin/OneDrive/Documents/Uoft Folders/UofT 1st Year/Rubix cube'
[0.963s] Level 1:colcon.colcon_core.package_identification:_identify(.) by extensions ['ignore', 'ignore_ament_install']
[0.963s] Level 1:colcon.colcon_core.package_identification:_identify(.) by extension 'ignore'
[0.964s] Level 1:colcon.colcon_core.package_identification:_identify(.) by extension 'ignore_ament_install'
[0.965s] Level 1:colcon.colcon_core.package_identification:_identify(.) by extensions ['colcon_pkg']
[0.966s] Level 1:colcon.colcon_core.package_identification:_identify(.) by extension 'colcon_pkg'
[0.967s] Level 1:colcon.colcon_core.package_identification:_identify(.) by extensions ['colcon_meta']
[0.968s] Level 1:colcon.colcon_core.package_identification:_identify(.) by extension 'colcon_meta'
[0.968s] Level 1:colcon.colcon_core.package_identification:_identify(.) by extensions ['ros']
[0.969s] Level 1:colcon.colcon_core.package_identification:_identify(.) by extension 'ros'
[0.991s] Level 1:colcon.colcon_core.package_identification:_identify(.) by extensions ['cmake', 'python']
[0.992s] Level 1:colcon.colcon_core.package_identification:_identify(.) by extension 'cmake'
[0.992s] Level 1:colcon.colcon_core.package_identification:_identify(.) by extension 'python'
[0.993s] Level 1:colcon.colcon_core.package_identification:_identify(.) by extensions ['python_setup_py']
[0.993s] Level 1:colcon.colcon_core.package_identification:_identify(.) by extension 'python_setup_py'
[0.999s] Level 1:colcon.colcon_core.package_identification:_identify(build) by extensions ['ignore', 'ignore_ament_install']
[0.999s] Level 1:colcon.colcon_core.package_identification:_identify(build) by extension 'ignore'
[1.002s] Level 1:colcon.colcon_core.package_identification:_identify(build) ignored
[1.007s] Level 1:colcon.colcon_core.package_identification:_identify(install) by extensions ['ignore', 'ignore_ament_install']
[1.007s] Level 1:colcon.colcon_core.package_identification:_identify(install) by extension 'ignore'
[1.011s] Level 1:colcon.colcon_core.package_identification:_identify(install) ignored
[1.022s] Level 1:colcon.colcon_core.package_identification:_identify(log) by extensions ['ignore', 'ignore_ament_install']
[1.023s] Level 1:colcon.colcon_core.package_identification:_identify(log) by extension 'ignore'
[1.026s] Level 1:colcon.colcon_core.package_identification:_identify(log) ignored
[1.033s] Level 1:colcon.colcon_core.package_identification:_identify(src) by extensions ['ignore', 'ignore_ament_install']
[1.033s] Level 1:colcon.colcon_core.package_identification:_identify(src) by extension 'ignore'
[1.036s] Level 1:colcon.colcon_core.package_identification:_identify(src) by extension 'ignore_ament_install'
[1.040s] Level 1:colcon.colcon_core.package_identification:_identify(src) by extensions ['colcon_pkg']
[1.041s] Level 1:colcon.colcon_core.package_identification:_identify(src) by extension 'colcon_pkg'
[1.044s] Level 1:colcon.colcon_core.package_identification:_identify(src) by extensions ['colcon_meta']
[1.045s] Level 1:colcon.colcon_core.package_identification:_identify(src) by extension 'colcon_meta'
[1.047s] Level 1:colcon.colcon_core.package_identification:_identify(src) by extensions ['ros']
[1.048s] Level 1:colcon.colcon_core.package_identification:_identify(src) by extension 'ros'
[1.058s] Level 1:colcon.colcon_core.package_identification:_identify(src) by extensions ['cmake', 'python']
[1.059s] Level 1:colcon.colcon_core.package_identification:_identify(src) by extension 'cmake'
[1.062s] Level 1:colcon.colcon_core.package_identification:_identify(src) by extension 'python'
[1.064s] Level 1:colcon.colcon_core.package_identification:_identify(src) by extensions ['python_setup_py']
[1.065s] Level 1:colcon.colcon_core.package_identification:_identify(src) by extension 'python_setup_py'
[1.076s] Level 1:colcon.colcon_core.package_identification:_identify(src/rubix_cube) by extensions ['ignore', 'ignore_ament_install']
[1.077s] Level 1:colcon.colcon_core.package_identification:_identify(src/rubix_cube) by extension 'ignore'
[1.080s] Level 1:colcon.colcon_core.package_identification:_identify(src/rubix_cube) by extension 'ignore_ament_install'
[1.085s] Level 1:colcon.colcon_core.package_identification:_identify(src/rubix_cube) by extensions ['colcon_pkg']
[1.085s] Level 1:colcon.colcon_core.package_identification:_identify(src/rubix_cube) by extension 'colcon_pkg'
[1.089s] Level 1:colcon.colcon_core.package_identification:_identify(src/rubix_cube) by extensions ['colcon_meta']
[1.090s] Level 1:colcon.colcon_core.package_identification:_identify(src/rubix_cube) by extension 'colcon_meta'
[1.096s] Level 1:colcon.colcon_core.package_identification:_identify(src/rubix_cube) by extensions ['ros']
[1.096s] Level 1:colcon.colcon_core.package_identification:_identify(src/rubix_cube) by extension 'ros'
[1.119s] DEBUG:colcon.colcon_core.package_identification:Package 'src/rubix_cube' with type 'ros.ament_cmake' and name 'rubix_cube'
[1.119s] Level 1:colcon.colcon_core.package_discovery:discover_packages(recursive) using defaults
[1.120s] Level 1:colcon.colcon_core.package_discovery:discover_packages(ignore) discover
[1.120s] Level 1:colcon.colcon_core.package_discovery:discover_packages(ignore) using defaults
[1.121s] Level 1:colcon.colcon_core.package_discovery:discover_packages(path) discover
[1.121s] Level 1:colcon.colcon_core.package_discovery:discover_packages(path) using defaults
[1.140s] Level 1:colcon.colcon_core.package_discovery:discover_packages(prefix_path) check parameters
[1.141s] Level 1:colcon.colcon_core.package_discovery:discover_packages(prefix_path) discover
[1.206s] DEBUG:colcon.colcon_installed_package_information.package_discovery:Found 1 installed packages in /mnt/c/Users/alvin/OneDrive/Documents/Uoft Folders/UofT 1st Year/Rubix cube/install
[1.207s] DEBUG:colcon.colcon_installed_package_information.package_discovery:Found 140 installed packages in /opt/ros/kilted
[1.210s] DEBUG:colcon.colcon_installed_package_information.package_discovery:Found 494 installed packages in /opt/ros/jazzy
[1.216s] Level 1:colcon.colcon_core.package_discovery:discover_packages(prefix_path) using defaults
[1.311s] Level 5:colcon.colcon_core.verb:set package 'rubix_cube' build argument 'cmake_args' from command line to 'None'
[1.312s] Level 5:colcon.colcon_core.verb:set package 'rubix_cube' build argument 'cmake_target' from command line to 'None'
[1.312s] Level 5:colcon.colcon_core.verb:set package 'rubix_cube' build argument 'cmake_target_skip_unavailable' from command line to 'False'
[1.313s] Level 5:colcon.colcon_core.verb:set package 'rubix_cube' build argument 'cmake_clean_cache' from command line to 'False'
[1.313s] Level 5:colcon.colcon_core.verb:set package 'rubix_cube' build argument 'cmake_clean_first' from command line to 'False'
[1.314s] Level 5:colcon.colcon_core.verb:set package 'rubix_cube' build argument 'cmake_force_configure' from command line to 'False'
[1.314s] Level 5:colcon.colcon_core.verb:set package 'rubix_cube' build argument 'ament_cmake_args' from command line to 'None'
[1.314s] Level 5:colcon.colcon_core.verb:set package 'rubix_cube' build argument 'catkin_cmake_args' from command line to 'None'
[1.315s] Level 5:colcon.colcon_core.verb:set package 'rubix_cube' build argument 'catkin_skip_building_tests' from command line to 'False'
[1.315s] DEBUG:colcon.colcon_core.verb:Building package 'rubix_cube' with the following arguments: {'ament_cmake_args': None, 'build_base': '/mnt/c/Users/alvin/OneDrive/Documents/Uoft Folders/UofT 1st Year/Rubix cube/build/rubix_cube', 'catkin_cmake_args': None, 'catkin_skip_building_tests': False, 'cmake_args': None, 'cmake_clean_cache': False, 'cmake_clean_first': False, 'cmake_force_configure': False, 'cmake_target': None, 'cmake_target_skip_unavailable': False, 'install_base': '/mnt/c/Users/alvin/OneDrive/Documents/Uoft Folders/UofT 1st Year/Rubix cube/install/rubix_cube', 'merge_install': False, 'path': '/mnt/c/Users/alvin/OneDrive/Documents/Uoft Folders/UofT 1st Year/Rubix cube/src/rubix_cube', 'symlink_install': False, 'test_result_base': None}
[1.316s] INFO:colcon.colcon_core.executor:Executing jobs using 'parallel' executor
[1.317s] DEBUG:colcon.colcon_parallel_executor.executor.parallel:run_until_complete
[1.317s] INFO:colcon.colcon_ros.task.ament_cmake.build:Building ROS package in '/mnt/c/Users/alvin/OneDrive/Documents/Uoft Folders/UofT 1st Year/Rubix cube/src/rubix_cube' with build type 'ament_cmake'
[1.318s] INFO:colcon.colcon_cmake.task.cmake.build:Building CMake package in '/mnt/c/Users/alvin/OneDrive/Documents/Uoft Folders/UofT 1st Year/Rubix cube/src/rubix_cube'
[1.319s] INFO:colcon.colcon_core.plugin_system:Skipping extension 'colcon_core.shell.bat': Not used on non-Windows systems
[1.320s] INFO:colcon.colcon_core.shell:Skip shell extension 'powershell' for command environment: Not usable outside of PowerShell
[1.321s] DEBUG:colcon.colcon_core.shell:Skip shell extension 'dsv' for command environment
[1.618s] DEBUG:colcon.colcon_core.event_handler.log_command:Invoking command in '/mnt/c/Users/alvin/OneDrive/Documents/Uoft Folders/UofT 1st Year/Rubix cube/build/rubix_cube': CMAKE_PREFIX_PATH=${CMAKE_PREFIX_PATH}:/opt/ros/kilted:/opt/ros/jazzy CONDA_PROMPT_MODIFIER=(rubix) /usr/bin/cmake --build /mnt/c/Users/alvin/OneDrive/Documents/Uoft Folders/UofT 1st Year/Rubix cube/build/rubix_cube -- -j4 -l4
[1.840s] DEBUG:colcon.colcon_core.event_handler.log_command:Invoked command in '/mnt/c/Users/alvin/OneDrive/Documents/Uoft Folders/UofT 1st Year/Rubix cube/build/rubix_cube' returned '0': CMAKE_PREFIX_PATH=${CMAKE_PREFIX_PATH}:/opt/ros/kilted:/opt/ros/jazzy CONDA_PROMPT_MODIFIER=(rubix) /usr/bin/cmake --build /mnt/c/Users/alvin/OneDrive/Documents/Uoft Folders/UofT 1st Year/Rubix cube/build/rubix_cube -- -j4 -l4
[1.908s] DEBUG:colcon.colcon_core.event_handler.log_command:Invoking command in '/mnt/c/Users/alvin/OneDrive/Documents/Uoft Folders/UofT 1st Year/Rubix cube/build/rubix_cube': CMAKE_PREFIX_PATH=${CMAKE_PREFIX_PATH}:/opt/ros/kilted:/opt/ros/jazzy CONDA_PROMPT_MODIFIER=(rubix) /usr/bin/cmake --install /mnt/c/Users/alvin/OneDrive/Documents/Uoft Folders/UofT 1st Year/Rubix cube/build/rubix_cube
[3.233s] Level 1:colcon.colcon_core.environment:create_environment_scripts_only(rubix_cube)
[3.235s] DEBUG:colcon.colcon_core.event_handler.log_command:Invoked command in '/mnt/c/Users/alvin/OneDrive/Documents/Uoft Folders/UofT 1st Year/Rubix cube/build/rubix_cube' returned '0': CMAKE_PREFIX_PATH=${CMAKE_PREFIX_PATH}:/opt/ros/kilted:/opt/ros/jazzy CONDA_PROMPT_MODIFIER=(rubix) /usr/bin/cmake --install /mnt/c/Users/alvin/OneDrive/Documents/Uoft Folders/UofT 1st Year/Rubix cube/build/rubix_cube
[3.236s] Level 1:colcon.colcon_core.environment:checking '/mnt/c/Users/alvin/OneDrive/Documents/Uoft Folders/UofT 1st Year/Rubix cube/install/rubix_cube' for CMake module files
[3.424s] Level 1:colcon.colcon_core.environment:checking '/mnt/c/Users/alvin/OneDrive/Documents/Uoft Folders/UofT 1st Year/Rubix cube/install/rubix_cube' for CMake config files
[3.565s] Level 1:colcon.colcon_core.shell:create_environment_hook('rubix_cube', 'cmake_prefix_path')
[3.565s] INFO:colcon.colcon_core.shell:Creating environment hook '/mnt/c/Users/alvin/OneDrive/Documents/Uoft Folders/UofT 1st Year/Rubix cube/install/rubix_cube/share/rubix_cube/hook/cmake_prefix_path.ps1'
[3.596s] INFO:colcon.colcon_core.shell:Creating environment descriptor '/mnt/c/Users/alvin/OneDrive/Documents/Uoft Folders/UofT 1st Year/Rubix cube/install/rubix_cube/share/rubix_cube/hook/cmake_prefix_path.dsv'
[3.632s] INFO:colcon.colcon_core.shell:Creating environment hook '/mnt/c/Users/alvin/OneDrive/Documents/Uoft Folders/UofT 1st Year/Rubix cube/install/rubix_cube/share/rubix_cube/hook/cmake_prefix_path.sh'
[3.673s] Level 1:colcon.colcon_core.environment:checking '/mnt/c/Users/alvin/OneDrive/Documents/Uoft Folders/UofT 1st Year/Rubix cube/install/rubix_cube/bin'
[3.674s] Level 1:colcon.colcon_core.environment:checking '/mnt/c/Users/alvin/OneDrive/Documents/Uoft Folders/UofT 1st Year/Rubix cube/install/rubix_cube/lib/pkgconfig/rubix_cube.pc'
[3.677s] Level 1:colcon.colcon_core.environment:checking '/mnt/c/Users/alvin/OneDrive/Documents/Uoft Folders/UofT 1st Year/Rubix cube/install/rubix_cube/lib/python3.12/site-packages'
[3.680s] Level 1:colcon.colcon_core.environment:checking '/mnt/c/Users/alvin/OneDrive/Documents/Uoft Folders/UofT 1st Year/Rubix cube/install/rubix_cube/bin'
[3.683s] INFO:colcon.colcon_core.shell:Creating package script '/mnt/c/Users/alvin/OneDrive/Documents/Uoft Folders/UofT 1st Year/Rubix cube/install/rubix_cube/share/rubix_cube/package.ps1'
[3.716s] INFO:colcon.colcon_core.shell:Creating package descriptor '/mnt/c/Users/alvin/OneDrive/Documents/Uoft Folders/UofT 1st Year/Rubix cube/install/rubix_cube/share/rubix_cube/package.dsv'
[3.747s] INFO:colcon.colcon_core.shell:Creating package script '/mnt/c/Users/alvin/OneDrive/Documents/Uoft Folders/UofT 1st Year/Rubix cube/install/rubix_cube/share/rubix_cube/package.sh'
[3.771s] INFO:colcon.colcon_core.shell:Creating package script '/mnt/c/Users/alvin/OneDrive/Documents/Uoft Folders/UofT 1st Year/Rubix cube/install/rubix_cube/share/rubix_cube/package.bash'
[3.794s] INFO:colcon.colcon_core.shell:Creating package script '/mnt/c/Users/alvin/OneDrive/Documents/Uoft Folders/UofT 1st Year/Rubix cube/install/rubix_cube/share/rubix_cube/package.zsh'
[3.822s] Level 1:colcon.colcon_core.environment:create_file_with_runtime_dependencies(/mnt/c/Users/alvin/OneDrive/Documents/Uoft Folders/UofT 1st Year/Rubix cube/install/rubix_cube/share/colcon-core/packages/rubix_cube)
[3.874s] Level 1:colcon.colcon_core.environment:create_environment_scripts_only(rubix_cube)
[3.875s] Level 1:colcon.colcon_core.environment:checking '/mnt/c/Users/alvin/OneDrive/Documents/Uoft Folders/UofT 1st Year/Rubix cube/install/rubix_cube' for CMake module files
[4.058s] Level 1:colcon.colcon_core.environment:checking '/mnt/c/Users/alvin/OneDrive/Documents/Uoft Folders/UofT 1st Year/Rubix cube/install/rubix_cube' for CMake config files
[4.191s] Level 1:colcon.colcon_core.shell:create_environment_hook('rubix_cube', 'cmake_prefix_path')
[4.192s] INFO:colcon.colcon_core.shell:Creating environment hook '/mnt/c/Users/alvin/OneDrive/Documents/Uoft Folders/UofT 1st Year/Rubix cube/install/rubix_cube/share/rubix_cube/hook/cmake_prefix_path.ps1'
[4.215s] INFO:colcon.colcon_core.shell:Creating environment descriptor '/mnt/c/Users/alvin/OneDrive/Documents/Uoft Folders/UofT 1st Year/Rubix cube/install/rubix_cube/share/rubix_cube/hook/cmake_prefix_path.dsv'
[4.257s] INFO:colcon.colcon_core.shell:Creating environment hook '/mnt/c/Users/alvin/OneDrive/Documents/Uoft Folders/UofT 1st Year/Rubix cube/install/rubix_cube/share/rubix_cube/hook/cmake_prefix_path.sh'
[4.294s] Level 1:colcon.colcon_core.environment:checking '/mnt/c/Users/alvin/OneDrive/Documents/Uoft Folders/UofT 1st Year/Rubix cube/install/rubix_cube/bin'
[4.298s] Level 1:colcon.colcon_core.environment:checking '/mnt/c/Users/alvin/OneDrive/Documents/Uoft Folders/UofT 1st Year/Rubix cube/install/rubix_cube/lib/pkgconfig/rubix_cube.pc'
[4.300s] Level 1:colcon.colcon_core.environment:checking '/mnt/c/Users/alvin/OneDrive/Documents/Uoft Folders/UofT 1st Year/Rubix cube/install/rubix_cube/lib/python3.12/site-packages'
[4.303s] Level 1:colcon.colcon_core.environment:checking '/mnt/c/Users/alvin/OneDrive/Documents/Uoft Folders/UofT 1st Year/Rubix cube/install/rubix_cube/bin'
[4.307s] INFO:colcon.colcon_core.shell:Creating package script '/mnt/c/Users/alvin/OneDrive/Documents/Uoft Folders/UofT 1st Year/Rubix cube/install/rubix_cube/share/rubix_cube/package.ps1'
[4.335s] INFO:colcon.colcon_core.shell:Creating package descriptor '/mnt/c/Users/alvin/OneDrive/Documents/Uoft Folders/UofT 1st Year/Rubix cube/install/rubix_cube/share/rubix_cube/package.dsv'
[4.361s] INFO:colcon.colcon_core.shell:Creating package script '/mnt/c/Users/alvin/OneDrive/Documents/Uoft Folders/UofT 1st Year/Rubix cube/install/rubix_cube/share/rubix_cube/package.sh'
[4.388s] INFO:colcon.colcon_core.shell:Creating package script '/mnt/c/Users/alvin/OneDrive/Documents/Uoft Folders/UofT 1st Year/Rubix cube/install/rubix_cube/share/rubix_cube/package.bash'
[4.415s] INFO:colcon.colcon_core.shell:Creating package script '/mnt/c/Users/alvin/OneDrive/Documents/Uoft Folders/UofT 1st Year/Rubix cube/install/rubix_cube/share/rubix_cube/package.zsh'
[4.444s] Level 1:colcon.colcon_core.environment:create_file_with_runtime_dependencies(/mnt/c/Users/alvin/OneDrive/Documents/Uoft Folders/UofT 1st Year/Rubix cube/install/rubix_cube/share/colcon-core/packages/rubix_cube)
[4.469s] DEBUG:colcon.colcon_parallel_executor.executor.parallel:closing loop
[4.470s] DEBUG:colcon.colcon_parallel_executor.executor.parallel:loop closed
[4.471s] DEBUG:colcon.colcon_parallel_executor.executor.parallel:run_until_complete finished with '0'
[4.471s] DEBUG:colcon.colcon_core.event_reactor:joining thread
[4.605s] INFO:colcon.colcon_core.plugin_system:Skipping extension 'colcon_notification.desktop_notification.notify_send': Could not find 'notify-send'
[4.606s] INFO:colcon.colcon_core.plugin_system:Skipping extension 'colcon_notification.desktop_notification.terminal_notifier': Not used on non-Darwin systems
[4.607s] INFO:colcon.colcon_core.plugin_system:Skipping extension 'colcon_notification.desktop_notification.win32': Not used on non-Windows systems
[4.607s] INFO:colcon.colcon_notification.desktop_notification:Sending desktop notification using 'notify2'
[4.610s] DEBUG:colcon.colcon_notification.desktop_notification.notify2:Failed to initialize notify2: org.freedesktop.DBus.Error.ServiceUnknown: The name org.freedesktop.Notifications was not provided by any .service files
[4.612s] DEBUG:colcon.colcon_core.event_reactor:joined thread
[4.613s] INFO:colcon.colcon_core.shell:Creating prefix script '/mnt/c/Users/alvin/OneDrive/Documents/Uoft Folders/UofT 1st Year/Rubix cube/install/local_setup.ps1'
[4.622s] INFO:colcon.colcon_core.shell:Creating prefix util module '/mnt/c/Users/alvin/OneDrive/Documents/Uoft Folders/UofT 1st Year/Rubix cube/install/_local_setup_util_ps1.py'
[4.635s] INFO:colcon.colcon_core.shell:Creating prefix chain script '/mnt/c/Users/alvin/OneDrive/Documents/Uoft Folders/UofT 1st Year/Rubix cube/install/setup.ps1'
[4.675s] INFO:colcon.colcon_core.shell:Creating prefix script '/mnt/c/Users/alvin/OneDrive/Documents/Uoft Folders/UofT 1st Year/Rubix cube/install/local_setup.sh'
[4.685s] INFO:colcon.colcon_core.shell:Creating prefix util module '/mnt/c/Users/alvin/OneDrive/Documents/Uoft Folders/UofT 1st Year/Rubix cube/install/_local_setup_util_sh.py'
[4.701s] INFO:colcon.colcon_core.shell:Creating prefix chain script '/mnt/c/Users/alvin/OneDrive/Documents/Uoft Folders/UofT 1st Year/Rubix cube/install/setup.sh'
[4.751s] INFO:colcon.colcon_core.shell:Creating prefix script '/mnt/c/Users/alvin/OneDrive/Documents/Uoft Folders/UofT 1st Year/Rubix cube/install/local_setup.bash'
[4.775s] INFO:colcon.colcon_core.shell:Creating prefix chain script '/mnt/c/Users/alvin/OneDrive/Documents/Uoft Folders/UofT 1st Year/Rubix cube/install/setup.bash'
[4.855s] INFO:colcon.colcon_core.shell:Creating prefix script '/mnt/c/Users/alvin/OneDrive/Documents/Uoft Folders/UofT 1st Year/Rubix cube/install/local_setup.zsh'
[4.882s] INFO:colcon.colcon_core.shell:Creating prefix chain script '/mnt/c/Users/alvin/OneDrive/Documents/Uoft Folders/UofT 1st Year/Rubix cube/install/setup.zsh'
