[0.223s] Invoking command in '/mnt/c/Users/alvin/OneDrive/Documents/Uoft Folders/UofT 1st Year/Rubix cube/build/rubix_cube': CMAKE_PREFIX_PATH=${CMAKE_PREFIX_PATH}:/opt/ros/kilted:/opt/ros/jazzy CONDA_PROMPT_MODIFIER=(rubix) /usr/bin/cmake --build /mnt/c/Users/alvin/OneDrive/Documents/Uoft Folders/UofT 1st Year/Rubix cube/build/rubix_cube -- -j4 -l4
[0.417s] Invoked command in '/mnt/c/Users/alvin/OneDrive/Documents/Uoft Folders/UofT 1st Year/Rubix cube/build/rubix_cube' returned '0': CMAKE_PREFIX_PATH=${CMAKE_PREFIX_PATH}:/opt/ros/kilted:/opt/ros/jazzy CONDA_PROMPT_MODIFIER=(rubix) /usr/bin/cmake --build /mnt/c/Users/alvin/OneDrive/Documents/Uoft Folders/UofT 1st Year/Rubix cube/build/rubix_cube -- -j4 -l4
[0.489s] Invoking command in '/mnt/c/Users/alvin/OneDrive/Documents/Uoft Folders/UofT 1st Year/Rubix cube/build/rubix_cube': CMAKE_PREFIX_PATH=${CMAKE_PREFIX_PATH}:/opt/ros/kilted:/opt/ros/jazzy CONDA_PROMPT_MODIFIER=(rubix) /usr/bin/cmake --install /mnt/c/Users/alvin/OneDrive/Documents/Uoft Folders/UofT 1st Year/Rubix cube/build/rubix_cube
[0.517s] -- Install configuration: ""
[0.541s] -- Up-to-date: /mnt/c/Users/alvin/OneDrive/Documents/Uoft Folders/UofT 1st Year/Rubix cube/install/rubix_cube/share/rubix_cube/meshes
[0.595s] -- Up-to-date: /mnt/c/Users/alvin/OneDrive/Documents/Uoft Folders/UofT 1st Year/Rubix cube/install/rubix_cube/share/rubix_cube/meshes/Center_Part.stl
[0.637s] -- Up-to-date: /mnt/c/Users/alvin/OneDrive/Documents/Uoft Folders/UofT 1st Year/Rubix cube/install/rubix_cube/share/rubix_cube/launch
[0.704s] -- Installing: /mnt/c/Users/alvin/OneDrive/Documents/Uoft Folders/UofT 1st Year/Rubix cube/install/rubix_cube/share/rubix_cube/launch/rubix_launcher.launch
[0.895s] -- Up-to-date: /mnt/c/Users/alvin/OneDrive/Documents/Uoft Folders/UofT 1st Year/Rubix cube/install/rubix_cube/share/rubix_cube/rubix.urdf
[0.953s] -- Up-to-date: /mnt/c/Users/alvin/OneDrive/Documents/Uoft Folders/UofT 1st Year/Rubix cube/install/rubix_cube/share/ament_index/resource_index/package_run_dependencies/rubix_cube
[1.015s] -- Up-to-date: /mnt/c/Users/alvin/OneDrive/Documents/Uoft Folders/UofT 1st Year/Rubix cube/install/rubix_cube/share/ament_index/resource_index/parent_prefix_path/rubix_cube
[1.054s] -- Up-to-date: /mnt/c/Users/alvin/OneDrive/Documents/Uoft Folders/UofT 1st Year/Rubix cube/install/rubix_cube/share/rubix_cube/environment/ament_prefix_path.sh
[1.104s] -- Up-to-date: /mnt/c/Users/alvin/OneDrive/Documents/Uoft Folders/UofT 1st Year/Rubix cube/install/rubix_cube/share/rubix_cube/environment/ament_prefix_path.dsv
[1.149s] -- Up-to-date: /mnt/c/Users/alvin/OneDrive/Documents/Uoft Folders/UofT 1st Year/Rubix cube/install/rubix_cube/share/rubix_cube/environment/path.sh
[1.201s] -- Up-to-date: /mnt/c/Users/alvin/OneDrive/Documents/Uoft Folders/UofT 1st Year/Rubix cube/install/rubix_cube/share/rubix_cube/environment/path.dsv
[1.230s] -- Up-to-date: /mnt/c/Users/alvin/OneDrive/Documents/Uoft Folders/UofT 1st Year/Rubix cube/install/rubix_cube/share/rubix_cube/local_setup.bash
[1.264s] -- Up-to-date: /mnt/c/Users/alvin/OneDrive/Documents/Uoft Folders/UofT 1st Year/Rubix cube/install/rubix_cube/share/rubix_cube/local_setup.sh
[1.297s] -- Up-to-date: /mnt/c/Users/alvin/OneDrive/Documents/Uoft Folders/UofT 1st Year/Rubix cube/install/rubix_cube/share/rubix_cube/local_setup.zsh
[1.362s] -- Up-to-date: /mnt/c/Users/alvin/OneDrive/Documents/Uoft Folders/UofT 1st Year/Rubix cube/install/rubix_cube/share/rubix_cube/local_setup.dsv
[1.411s] -- Installing: /mnt/c/Users/alvin/OneDrive/Documents/Uoft Folders/UofT 1st Year/Rubix cube/install/rubix_cube/share/rubix_cube/package.dsv
[1.559s] -- Up-to-date: /mnt/c/Users/alvin/OneDrive/Documents/Uoft Folders/UofT 1st Year/Rubix cube/install/rubix_cube/share/ament_index/resource_index/packages/rubix_cube
[1.592s] -- Up-to-date: /mnt/c/Users/alvin/OneDrive/Documents/Uoft Folders/UofT 1st Year/Rubix cube/install/rubix_cube/share/rubix_cube/cmake/rubix_cubeConfig.cmake
[1.632s] -- Up-to-date: /mnt/c/Users/alvin/OneDrive/Documents/Uoft Folders/UofT 1st Year/Rubix cube/install/rubix_cube/share/rubix_cube/cmake/rubix_cubeConfig-version.cmake
[1.676s] -- Up-to-date: /mnt/c/Users/alvin/OneDrive/Documents/Uoft Folders/UofT 1st Year/Rubix cube/install/rubix_cube/share/rubix_cube/package.xml
[1.697s] Invoked command in '/mnt/c/Users/alvin/OneDrive/Documents/Uoft Folders/UofT 1st Year/Rubix cube/build/rubix_cube' returned '0': CMAKE_PREFIX_PATH=${CMAKE_PREFIX_PATH}:/opt/ros/kilted:/opt/ros/jazzy CONDA_PROMPT_MODIFIER=(rubix) /usr/bin/cmake --install /mnt/c/Users/alvin/OneDrive/Documents/Uoft Folders/UofT 1st Year/Rubix cube/build/rubix_cube
