-- The C compiler identification is GNU 13.3.0
-- The CXX compiler identification is GNU 13.3.0
-- Detecting C compiler ABI info
-- Detecting C compiler ABI info - done
-- Check for working C compiler: /usr/bin/cc - skipped
-- Detecting C compile features
-- Detecting C compile features - done
-- Detecting CXX compiler ABI info
-- Detecting CXX compiler ABI info - done
-- Check for working CXX compiler: /usr/bin/c++ - skipped
-- Detecting CXX compile features
-- Detecting CXX compile features - done
-- Found ament_cmake: 2.7.5 (/opt/ros/kilted/share/ament_cmake/cmake)
-- Found Python3: /usr/bin/python3 (found version "3.12.3") found components: Interpreter 
-- Configuring done (10.2s)
-- Generating done (0.7s)
-- Build files have been written to: /mnt/c/Users/alvin/OneDrive/Documents/Uoft Folders/UofT 1st Year/Rubix cube/build/rubix_cube
-- Install configuration: ""
-- Installing: /mnt/c/Users/alvin/OneDrive/Documents/Uoft Folders/UofT 1st Year/Rubix cube/install/rubix_cube/share/rubix_cube/meshes
-- Installing: /mnt/c/Users/alvin/OneDrive/Documents/Uoft Folders/UofT 1st Year/Rubix cube/install/rubix_cube/share/rubix_cube/meshes/Center_Part.stl
-- Installing: /mnt/c/Users/alvin/OneDrive/Documents/Uoft Folders/UofT 1st Year/Rubix cube/install/rubix_cube/share/rubix_cube/launch
-- Installing: /mnt/c/Users/alvin/OneDrive/Documents/Uoft Folders/UofT 1st Year/Rubix cube/install/rubix_cube/share/rubix_cube/launch/rubix_launcher.launch
