[0.157s] Invoking command in '/mnt/c/Users/alvin/OneDrive/Documents/Uoft Folders/UofT 1st Year/Rubix cube/build/rubix_cube': CMAKE_PREFIX_PATH=${CMAKE_PREFIX_PATH}:/opt/ros/kilted:/opt/ros/jazzy CONDA_PROMPT_MODIFIER=(rubix) /usr/bin/cmake /mnt/c/Users/alvin/OneDrive/Documents/Uoft Folders/UofT 1st Year/Rubix cube/src/rubix_cube -DCMAKE_INSTALL_PREFIX=/mnt/c/Users/alvin/OneDrive/Documents/Uoft Folders/UofT 1st Year/Rubix cube/install/rubix_cube
[0.844s] -- The C compiler identification is GNU 13.3.0
[2.196s] -- The CXX compiler identification is GNU 13.3.0
[3.737s] -- Detecting C compiler ABI info
[5.588s] -- Detecting C compiler ABI info - done
[5.702s] -- Check for working C compiler: /usr/bin/cc - skipped
[5.706s] -- Detecting C compile features
[5.708s] -- Detecting C compile features - done
[6.113s] -- Detecting CXX compiler ABI info
[8.075s] -- Detecting CXX compiler ABI info - done
[8.127s] -- Check for working CXX compiler: /usr/bin/c++ - skipped
[8.127s] -- Detecting CXX compile features
[8.129s] -- Detecting CXX compile features - done
[8.263s] -- Found ament_cmake: 2.7.5 (/opt/ros/kilted/share/ament_cmake/cmake)
[8.516s] -- Found Python3: /usr/bin/python3 (found version "3.12.3") found components: Interpreter 
[10.466s] -- Configuring done (10.2s)
[11.247s] -- Generating done (0.7s)
[11.617s] -- Build files have been written to: /mnt/c/Users/alvin/OneDrive/Documents/Uoft Folders/UofT 1st Year/Rubix cube/build/rubix_cube
[11.622s] Invoked command in '/mnt/c/Users/alvin/OneDrive/Documents/Uoft Folders/UofT 1st Year/Rubix cube/build/rubix_cube' returned '0': CMAKE_PREFIX_PATH=${CMAKE_PREFIX_PATH}:/opt/ros/kilted:/opt/ros/jazzy CONDA_PROMPT_MODIFIER=(rubix) /usr/bin/cmake /mnt/c/Users/alvin/OneDrive/Documents/Uoft Folders/UofT 1st Year/Rubix cube/src/rubix_cube -DCMAKE_INSTALL_PREFIX=/mnt/c/Users/alvin/OneDrive/Documents/Uoft Folders/UofT 1st Year/Rubix cube/install/rubix_cube
[11.649s] Invoking command in '/mnt/c/Users/alvin/OneDrive/Documents/Uoft Folders/UofT 1st Year/Rubix cube/build/rubix_cube': CMAKE_PREFIX_PATH=${CMAKE_PREFIX_PATH}:/opt/ros/kilted:/opt/ros/jazzy CONDA_PROMPT_MODIFIER=(rubix) /usr/bin/cmake --build /mnt/c/Users/alvin/OneDrive/Documents/Uoft Folders/UofT 1st Year/Rubix cube/build/rubix_cube -- -j4 -l4
[11.881s] Invoked command in '/mnt/c/Users/alvin/OneDrive/Documents/Uoft Folders/UofT 1st Year/Rubix cube/build/rubix_cube' returned '0': CMAKE_PREFIX_PATH=${CMAKE_PREFIX_PATH}:/opt/ros/kilted:/opt/ros/jazzy CONDA_PROMPT_MODIFIER=(rubix) /usr/bin/cmake --build /mnt/c/Users/alvin/OneDrive/Documents/Uoft Folders/UofT 1st Year/Rubix cube/build/rubix_cube -- -j4 -l4
[11.947s] Invoking command in '/mnt/c/Users/alvin/OneDrive/Documents/Uoft Folders/UofT 1st Year/Rubix cube/build/rubix_cube': CMAKE_PREFIX_PATH=${CMAKE_PREFIX_PATH}:/opt/ros/kilted:/opt/ros/jazzy CONDA_PROMPT_MODIFIER=(rubix) /usr/bin/cmake --install /mnt/c/Users/alvin/OneDrive/Documents/Uoft Folders/UofT 1st Year/Rubix cube/build/rubix_cube
[11.967s] -- Install configuration: ""
[11.976s] -- Installing: /mnt/c/Users/alvin/OneDrive/Documents/Uoft Folders/UofT 1st Year/Rubix cube/install/rubix_cube/share/rubix_cube/meshes
[12.057s] -- Installing: /mnt/c/Users/alvin/OneDrive/Documents/Uoft Folders/UofT 1st Year/Rubix cube/install/rubix_cube/share/rubix_cube/meshes/Center_Part.stl
[12.314s] -- Installing: /mnt/c/Users/alvin/OneDrive/Documents/Uoft Folders/UofT 1st Year/Rubix cube/install/rubix_cube/share/rubix_cube/launch
[12.414s] -- Installing: /mnt/c/Users/alvin/OneDrive/Documents/Uoft Folders/UofT 1st Year/Rubix cube/install/rubix_cube/share/rubix_cube/launch/rubix_launcher.launch
[12.617s] [31mCMake Error at cmake_install.cmake:46 (file):
[12.618s]   file INSTALL cannot find "/mnt/c/Users/alvin/OneDrive/Documents/Uoft
[12.621s]   Folders/UofT 1st Year/Rubix cube/src/rubix_cube/urdf": No such file or
[12.623s]   directory.
[12.625s] 
[12.627s] [0m
[12.629s] Invoked command in '/mnt/c/Users/alvin/OneDrive/Documents/Uoft Folders/UofT 1st Year/Rubix cube/build/rubix_cube' returned '1': CMAKE_PREFIX_PATH=${CMAKE_PREFIX_PATH}:/opt/ros/kilted:/opt/ros/jazzy CONDA_PROMPT_MODIFIER=(rubix) /usr/bin/cmake --install /mnt/c/Users/alvin/OneDrive/Documents/Uoft Folders/UofT 1st Year/Rubix cube/build/rubix_cube
